<?xml version="1.0" encoding="utf-8"?><testsuites name="pytest tests"><testsuite name="pytest" errors="0" failures="1" skipped="0" tests="14" time="5.806" timestamp="2026-09-25T04:13:22.452094+00:00" hostname="agent-env-296db600-c7fe-4b5b-982f-1f27ee5debf2"><testcase classname="tests.test_iter6_features" name="test_legacy_admin_login" time="0.383" /><testcase classname="tests.test_iter6_features" name="test_perangkat_delete_own_draft" time="2.116" /><testcase classname="tests.test_iter6_features" name="test_delete_selesai_forbidden" time="0.173" /><testcase classname="tests.test_iter6_features" name="test_delete_by_other_role_forbidden" time="0.185"><failure message="AssertionError: expected 403 from other role, got 404&#10;assert 404 == 403&#10; +  where 404 = &lt;Response [404]&gt;.status_code">backend/tests/test_iter6_features.py:93: in test_delete_by_other_role_forbidden
    assert r.status_code == 403, f"expected 403 from other role, got {r.status_code}"
E   AssertionError: expected 403 from other role, got 404
E   assert 404 == 403
E    +  where 404 = &lt;Response [404]&gt;.status_code</failure></testcase><testcase classname="tests.test_iter6_features" name="test_berita_acara_docx_pengali_1" time="0.215" /><testcase classname="tests.test_iter6_features" name="test_berita_acara_docx_pengali_1_1" time="0.089" /><testcase classname="tests.test_iter6_features" name="test_berita_acara_docx_invalid_pengali" time="0.073" /><testcase classname="tests.test_iter6_features" name="test_rekap_area_admin_ok" time="0.080" /><testcase classname="tests.test_iter6_features" name="test_rekap_area_perangkat_forbidden" time="0.074" /><testcase classname="tests.test_iter6_features" name="test_tipe_summary_perangkat_scoped" time="0.090" /><testcase classname="tests.test_iter6_features" name="test_tipe_summary_verifikator_scoped" time="0.069" /><testcase classname="tests.test_iter6_features" name="test_tipe_summary_admin_multi_area" time="0.066" /><testcase classname="tests.test_iter6_features" name="test_create_user_with_phone_normalized" time="1.264" /><testcase classname="tests.test_iter6_features" name="test_create_user_without_phone" time="0.421" /></testsuite></testsuites>