<?xml version="1.0" encoding="utf-8"?><testsuites name="pytest tests"><testsuite name="pytest" errors="0" failures="0" skipped="0" tests="15" time="36.239" timestamp="2026-09-21T03:14:48.905694+00:00" hostname="agent-env-c2e2552d-e80a-4225-9f24-febb237afbb7"><testcase classname="tests.test_iter5_backend" name="test_verifikator_sees_menunggu_verifikasi" time="2.154" /><testcase classname="tests.test_iter5_backend" name="test_verify_requires_acknowledged" time="0.126" /><testcase classname="tests.test_iter5_backend" name="test_verify_approve_with_ack" time="0.270" /><testcase classname="tests.test_iter5_backend" name="test_surat_verifikasi_pdf" time="0.194" /><testcase classname="tests.test_iter5_backend" name="test_surat_verifikasi_wrong_area_forbidden" time="0.122" /><testcase classname="tests.test_iter5_backend" name="test_surat_verifikasi_rejects_unverified" time="0.242" /><testcase classname="tests.test_iter5_backend" name="test_indicators_umum_has_scores" time="0.128" /><testcase classname="tests.test_iter5_backend" name="test_indicators_for_submission_teknis_scores" time="0.125" /><testcase classname="tests.test_iter5_backend" name="test_score_submission_kelas_e" time="0.380" /><testcase classname="tests.test_iter5_backend" name="test_score_rejects_invalid_score" time="0.381" /><testcase classname="tests.test_iter5_backend" name="test_reports_preview_combined" time="0.149" /><testcase classname="tests.test_iter5_backend" name="test_reports_preview_multiplier" time="0.119" /><testcase classname="tests.test_iter5_backend" name="test_stats_by_area_nonempty" time="0.115" /><testcase classname="tests.test_iter5_backend" name="test_stats_yearly_nonempty" time="0.165" /><testcase classname="tests.test_iter5_backend" name="test_ai_recommend_once" time="31.490" /></testsuite></testsuites>