<?xml version="1.0" encoding="utf-8"?><testsuites name="pytest tests"><testsuite name="pytest" errors="0" failures="0" skipped="0" tests="9" time="4.258" timestamp="2026-09-21T02:03:02.955961+00:00" hostname="agent-env-c2e2552d-e80a-4225-9f24-febb237afbb7"><testcase classname="tests.test_setup_verification" name="test_login_returns_token_and_role[admin@ririn.go.id-Admin123!-admin]" time="0.404" /><testcase classname="tests.test_setup_verification" name="test_login_returns_token_and_role[verifikator@kalteng.go.id-Verif123!-verifikator]" time="0.390" /><testcase classname="tests.test_setup_verification" name="test_login_returns_token_and_role[penilai@kalteng.go.id-Nilai123!-penilai]" time="0.371" /><testcase classname="tests.test_setup_verification" name="test_login_returns_token_and_role[perangkat@kalteng.go.id-Kerja123!-perangkat]" time="0.384" /><testcase classname="tests.test_setup_verification" name="test_authenticated_me[admin@ririn.go.id-Admin123!-admin]" time="0.537" /><testcase classname="tests.test_setup_verification" name="test_authenticated_me[verifikator@kalteng.go.id-Verif123!-verifikator]" time="0.594" /><testcase classname="tests.test_setup_verification" name="test_authenticated_me[penilai@kalteng.go.id-Nilai123!-penilai]" time="0.468" /><testcase classname="tests.test_setup_verification" name="test_authenticated_me[perangkat@kalteng.go.id-Kerja123!-perangkat]" time="0.490" /><testcase classname="tests.test_setup_verification" name="test_me_without_token_rejected" time="0.120" /></testsuite></testsuites>